[0.946s] Invoking command in '/dir1/ros2Avancado/build/meu_pacote': PYTHONPATH=/dir1/ros2Avancado/build/meu_pacote/prefix_override:/dir1/ros2Avancado/install/meu_pacote/lib/python3.10/site-packages:${PYTHONPATH} /usr/bin/python3 setup.py develop --editable --build-directory /dir1/ros2Avancado/build/meu_pacote/build --no-deps install_data
[1.311s] running develop
[1.313s] /usr/lib/python3/dist-packages/setuptools/command/easy_install.py:158: EasyInstallDeprecationWarning: easy_install command is deprecated. Use build and pip and other standards-based tools.
[1.313s]   warnings.warn(
[1.316s] /usr/lib/python3/dist-packages/setuptools/command/install.py:34: SetuptoolsDeprecationWarning: setup.py install is deprecated. Use build and pip and other standards-based tools.
[1.317s]   warnings.warn(
[1.449s] running egg_info
[1.450s] writing meu_pacote.egg-info/PKG-INFO
[1.450s] writing dependency_links to meu_pacote.egg-info/dependency_links.txt
[1.451s] writing entry points to meu_pacote.egg-info/entry_points.txt
[1.451s] writing requirements to meu_pacote.egg-info/requires.txt
[1.452s] writing top-level names to meu_pacote.egg-info/top_level.txt
[1.455s] reading manifest file 'meu_pacote.egg-info/SOURCES.txt'
[1.456s] writing manifest file 'meu_pacote.egg-info/SOURCES.txt'
[1.458s] running build_ext
[1.458s] Creating /dir1/ros2Avancado/install/meu_pacote/lib/python3.10/site-packages/meu-pacote.egg-link (link to .)
[1.459s] Installing estrela script to /dir1/ros2Avancado/install/meu_pacote/lib/meu_pacote
[1.460s] Installing parametros script to /dir1/ros2Avancado/install/meu_pacote/lib/meu_pacote
[1.461s] Installing planeta script to /dir1/ros2Avancado/install/meu_pacote/lib/meu_pacote
[1.462s] Installing satelite script to /dir1/ros2Avancado/install/meu_pacote/lib/meu_pacote
[1.462s] 
[1.462s] Installed /dir1/ros2Avancado/build/meu_pacote
[1.462s] running install_data
[1.464s] copying launch/rodar_nos.launch.py -> /dir1/ros2Avancado/install/meu_pacote/share/meu_pacote/launch
[1.517s] Invoked command in '/dir1/ros2Avancado/build/meu_pacote' returned '0': PYTHONPATH=/dir1/ros2Avancado/build/meu_pacote/prefix_override:/dir1/ros2Avancado/install/meu_pacote/lib/python3.10/site-packages:${PYTHONPATH} /usr/bin/python3 setup.py develop --editable --build-directory /dir1/ros2Avancado/build/meu_pacote/build --no-deps install_data
