running develop
/usr/lib/python3/dist-packages/setuptools/command/easy_install.py:158: EasyInstallDeprecationWarning: easy_install command is deprecated. Use build and pip and other standards-based tools.
  warnings.warn(
/usr/lib/python3/dist-packages/setuptools/command/install.py:34: SetuptoolsDeprecationWarning: setup.py install is deprecated. Use build and pip and other standards-based tools.
  warnings.warn(
running egg_info
creating meu_pacote.egg-info
writing meu_pacote.egg-info/PKG-INFO
writing dependency_links to meu_pacote.egg-info/dependency_links.txt
writing entry points to meu_pacote.egg-info/entry_points.txt
writing requirements to meu_pacote.egg-info/requires.txt
writing top-level names to meu_pacote.egg-info/top_level.txt
writing manifest file 'meu_pacote.egg-info/SOURCES.txt'
reading manifest file 'meu_pacote.egg-info/SOURCES.txt'
writing manifest file 'meu_pacote.egg-info/SOURCES.txt'
running build_ext
Creating /dir1/ros2Avancado/src/install/meu_pacote/lib/python3.10/site-packages/meu-pacote.egg-link (link to .)
Installing frame_fixo script to /dir1/ros2Avancado/src/install/meu_pacote/lib/meu_pacote

Installed /dir1/ros2Avancado/src/build/meu_pacote
running install_data
creating /dir1/ros2Avancado/src/install/meu_pacote/share/ament_index
creating /dir1/ros2Avancado/src/install/meu_pacote/share/ament_index/resource_index
creating /dir1/ros2Avancado/src/install/meu_pacote/share/ament_index/resource_index/packages
copying resource/meu_pacote -> /dir1/ros2Avancado/src/install/meu_pacote/share/ament_index/resource_index/packages
copying package.xml -> /dir1/ros2Avancado/src/install/meu_pacote/share/meu_pacote
