[0.649s] DEBUG:colcon:Command line arguments: ['/usr/bin/colcon', 'build', '--symlink-install']
[0.649s] DEBUG:colcon:Parsed command line arguments: Namespace(log_base=None, log_level=None, verb_name='build', build_base='build', install_base='install', merge_install=False, symlink_install=True, test_result_base=None, continue_on_error=False, executor='parallel', parallel_workers=12, event_handlers=None, ignore_user_meta=False, metas=['./colcon.meta'], base_paths=['.'], packages_ignore=None, packages_ignore_regex=None, paths=None, packages_up_to=None, packages_up_to_regex=None, packages_above=None, packages_above_and_dependencies=None, packages_above_depth=None, packages_select_by_dep=None, packages_skip_by_dep=None, packages_skip_up_to=None, packages_select_build_failed=False, packages_skip_build_finished=False, packages_select_test_failures=False, packages_skip_test_passed=False, packages_select=None, packages_skip=None, packages_select_regex=None, packages_skip_regex=None, packages_start=None, packages_end=None, cmake_args=None, cmake_target=None, cmake_target_skip_unavailable=False, cmake_clean_cache=False, cmake_clean_first=False, cmake_force_configure=False, ament_cmake_args=None, catkin_cmake_args=None, catkin_skip_building_tests=False, mixin_files=None, mixin=None, verb_parser=<colcon_mixin.mixin.mixin_argument.MixinArgumentDecorator object at 0x7f9218cf1960>, verb_extension=<colcon_core.verb.build.BuildVerb object at 0x7f92194c9e10>, main=<bound method BuildVerb.main of <colcon_core.verb.build.BuildVerb object at 0x7f92194c9e10>>, mixin_verb=('build',))
[0.709s] Level 1:colcon.colcon_core.package_discovery:discover_packages(colcon_meta) check parameters
[0.710s] INFO:colcon.colcon_metadata.package_discovery.colcon_meta:Using configuration from '/root/.colcon/metadata/default/Gazebo.meta'
[0.711s] INFO:colcon.colcon_metadata.package_discovery.colcon_meta:Using configuration from '/root/.colcon/metadata/default/fastrtps.meta'
[0.711s] Level 1:colcon.colcon_core.package_discovery:discover_packages(recursive) check parameters
[0.711s] Level 1:colcon.colcon_core.package_discovery:discover_packages(ignore) check parameters
[0.711s] Level 1:colcon.colcon_core.package_discovery:discover_packages(path) check parameters
[0.711s] Level 1:colcon.colcon_core.package_discovery:discover_packages(colcon_meta) discover
[0.711s] Level 1:colcon.colcon_core.package_discovery:discover_packages(recursive) discover
[0.711s] INFO:colcon.colcon_core.package_discovery:Crawling recursively for packages in '/dir1/ros2Avancado'
[0.711s] Level 1:colcon.colcon_core.package_identification:_identify(.) by extensions ['ignore', 'ignore_ament_install']
[0.711s] Level 1:colcon.colcon_core.package_identification:_identify(.) by extension 'ignore'
[0.711s] Level 1:colcon.colcon_core.package_identification:_identify(.) by extension 'ignore_ament_install'
[0.711s] Level 1:colcon.colcon_core.package_identification:_identify(.) by extensions ['colcon_pkg']
[0.711s] Level 1:colcon.colcon_core.package_identification:_identify(.) by extension 'colcon_pkg'
[0.711s] Level 1:colcon.colcon_core.package_identification:_identify(.) by extensions ['colcon_meta']
[0.711s] Level 1:colcon.colcon_core.package_identification:_identify(.) by extension 'colcon_meta'
[0.711s] Level 1:colcon.colcon_core.package_identification:_identify(.) by extensions ['ros']
[0.712s] Level 1:colcon.colcon_core.package_identification:_identify(.) by extension 'ros'
[0.733s] Level 1:colcon.colcon_core.package_identification:_identify(.) by extensions ['cmake', 'python']
[0.734s] Level 1:colcon.colcon_core.package_identification:_identify(.) by extension 'cmake'
[0.734s] Level 1:colcon.colcon_core.package_identification:_identify(.) by extension 'python'
[0.734s] Level 1:colcon.colcon_core.package_identification:_identify(.) by extensions ['python_setup_py']
[0.734s] Level 1:colcon.colcon_core.package_identification:_identify(.) by extension 'python_setup_py'
[0.735s] Level 1:colcon.colcon_core.package_identification:_identify(build) by extensions ['ignore', 'ignore_ament_install']
[0.735s] Level 1:colcon.colcon_core.package_identification:_identify(build) by extension 'ignore'
[0.735s] Level 1:colcon.colcon_core.package_identification:_identify(build) ignored
[0.735s] Level 1:colcon.colcon_core.package_identification:_identify(install) by extensions ['ignore', 'ignore_ament_install']
[0.735s] Level 1:colcon.colcon_core.package_identification:_identify(install) by extension 'ignore'
[0.736s] Level 1:colcon.colcon_core.package_identification:_identify(install) ignored
[0.736s] Level 1:colcon.colcon_core.package_identification:_identify(log) by extensions ['ignore', 'ignore_ament_install']
[0.736s] Level 1:colcon.colcon_core.package_identification:_identify(log) by extension 'ignore'
[0.736s] Level 1:colcon.colcon_core.package_identification:_identify(log) ignored
[0.736s] Level 1:colcon.colcon_core.package_identification:_identify(src) by extensions ['ignore', 'ignore_ament_install']
[0.736s] Level 1:colcon.colcon_core.package_identification:_identify(src) by extension 'ignore'
[0.736s] Level 1:colcon.colcon_core.package_identification:_identify(src) by extension 'ignore_ament_install'
[0.736s] Level 1:colcon.colcon_core.package_identification:_identify(src) by extensions ['colcon_pkg']
[0.736s] Level 1:colcon.colcon_core.package_identification:_identify(src) by extension 'colcon_pkg'
[0.736s] Level 1:colcon.colcon_core.package_identification:_identify(src) by extensions ['colcon_meta']
[0.736s] Level 1:colcon.colcon_core.package_identification:_identify(src) by extension 'colcon_meta'
[0.737s] Level 1:colcon.colcon_core.package_identification:_identify(src) by extensions ['ros']
[0.737s] Level 1:colcon.colcon_core.package_identification:_identify(src) by extension 'ros'
[0.737s] Level 1:colcon.colcon_core.package_identification:_identify(src) by extensions ['cmake', 'python']
[0.737s] Level 1:colcon.colcon_core.package_identification:_identify(src) by extension 'cmake'
[0.737s] Level 1:colcon.colcon_core.package_identification:_identify(src) by extension 'python'
[0.737s] Level 1:colcon.colcon_core.package_identification:_identify(src) by extensions ['python_setup_py']
[0.737s] Level 1:colcon.colcon_core.package_identification:_identify(src) by extension 'python_setup_py'
[0.738s] Level 1:colcon.colcon_core.package_identification:_identify(src/build) by extensions ['ignore', 'ignore_ament_install']
[0.738s] Level 1:colcon.colcon_core.package_identification:_identify(src/build) by extension 'ignore'
[0.739s] Level 1:colcon.colcon_core.package_identification:_identify(src/build) ignored
[0.739s] Level 1:colcon.colcon_core.package_identification:_identify(src/install) by extensions ['ignore', 'ignore_ament_install']
[0.739s] Level 1:colcon.colcon_core.package_identification:_identify(src/install) by extension 'ignore'
[0.739s] Level 1:colcon.colcon_core.package_identification:_identify(src/install) ignored
[0.740s] Level 1:colcon.colcon_core.package_identification:_identify(src/log) by extensions ['ignore', 'ignore_ament_install']
[0.741s] Level 1:colcon.colcon_core.package_identification:_identify(src/log) by extension 'ignore'
[0.741s] Level 1:colcon.colcon_core.package_identification:_identify(src/log) ignored
[0.741s] Level 1:colcon.colcon_core.package_identification:_identify(src/meu_pacote) by extensions ['ignore', 'ignore_ament_install']
[0.741s] Level 1:colcon.colcon_core.package_identification:_identify(src/meu_pacote) by extension 'ignore'
[0.741s] Level 1:colcon.colcon_core.package_identification:_identify(src/meu_pacote) by extension 'ignore_ament_install'
[0.741s] Level 1:colcon.colcon_core.package_identification:_identify(src/meu_pacote) by extensions ['colcon_pkg']
[0.741s] Level 1:colcon.colcon_core.package_identification:_identify(src/meu_pacote) by extension 'colcon_pkg'
[0.741s] Level 1:colcon.colcon_core.package_identification:_identify(src/meu_pacote) by extensions ['colcon_meta']
[0.742s] Level 1:colcon.colcon_core.package_identification:_identify(src/meu_pacote) by extension 'colcon_meta'
[0.742s] Level 1:colcon.colcon_core.package_identification:_identify(src/meu_pacote) by extensions ['ros']
[0.742s] Level 1:colcon.colcon_core.package_identification:_identify(src/meu_pacote) by extension 'ros'
[0.748s] DEBUG:colcon.colcon_core.package_identification:Package 'src/meu_pacote' with type 'ros.ament_python' and name 'meu_pacote'
[0.748s] Level 1:colcon.colcon_core.package_discovery:discover_packages(recursive) using defaults
[0.749s] Level 1:colcon.colcon_core.package_discovery:discover_packages(ignore) discover
[0.749s] Level 1:colcon.colcon_core.package_discovery:discover_packages(ignore) using defaults
[0.749s] Level 1:colcon.colcon_core.package_discovery:discover_packages(path) discover
[0.749s] Level 1:colcon.colcon_core.package_discovery:discover_packages(path) using defaults
[0.789s] Level 5:colcon.colcon_core.verb:set package 'meu_pacote' build argument 'cmake_args' from command line to 'None'
[0.789s] Level 5:colcon.colcon_core.verb:set package 'meu_pacote' build argument 'cmake_target' from command line to 'None'
[0.790s] Level 5:colcon.colcon_core.verb:set package 'meu_pacote' build argument 'cmake_target_skip_unavailable' from command line to 'False'
[0.790s] Level 5:colcon.colcon_core.verb:set package 'meu_pacote' build argument 'cmake_clean_cache' from command line to 'False'
[0.790s] Level 5:colcon.colcon_core.verb:set package 'meu_pacote' build argument 'cmake_clean_first' from command line to 'False'
[0.790s] Level 5:colcon.colcon_core.verb:set package 'meu_pacote' build argument 'cmake_force_configure' from command line to 'False'
[0.790s] Level 5:colcon.colcon_core.verb:set package 'meu_pacote' build argument 'ament_cmake_args' from command line to 'None'
[0.790s] Level 5:colcon.colcon_core.verb:set package 'meu_pacote' build argument 'catkin_cmake_args' from command line to 'None'
[0.790s] Level 5:colcon.colcon_core.verb:set package 'meu_pacote' build argument 'catkin_skip_building_tests' from command line to 'False'
[0.790s] DEBUG:colcon.colcon_core.verb:Building package 'meu_pacote' with the following arguments: {'ament_cmake_args': None, 'build_base': '/dir1/ros2Avancado/build/meu_pacote', 'catkin_cmake_args': None, 'catkin_skip_building_tests': False, 'cmake_args': None, 'cmake_clean_cache': False, 'cmake_clean_first': False, 'cmake_force_configure': False, 'cmake_target': None, 'cmake_target_skip_unavailable': False, 'install_base': '/dir1/ros2Avancado/install/meu_pacote', 'merge_install': False, 'path': '/dir1/ros2Avancado/src/meu_pacote', 'symlink_install': True, 'test_result_base': None}
[0.792s] INFO:colcon.colcon_core.executor:Executing jobs using 'parallel' executor
[0.799s] DEBUG:colcon.colcon_parallel_executor.executor.parallel:run_until_complete
[0.800s] INFO:colcon.colcon_ros.task.ament_python.build:Building ROS package in '/dir1/ros2Avancado/src/meu_pacote' with build type 'ament_python'
[0.801s] Level 1:colcon.colcon_core.shell:create_environment_hook('meu_pacote', 'ament_prefix_path')
[0.811s] INFO:colcon.colcon_core.plugin_system:Skipping extension 'colcon_core.shell.bat': Not used on non-Windows systems
[0.811s] INFO:colcon.colcon_core.shell:Creating environment hook '/dir1/ros2Avancado/install/meu_pacote/share/meu_pacote/hook/ament_prefix_path.ps1'
[0.813s] INFO:colcon.colcon_core.shell:Creating environment descriptor '/dir1/ros2Avancado/install/meu_pacote/share/meu_pacote/hook/ament_prefix_path.dsv'
[0.815s] INFO:colcon.colcon_core.shell:Creating environment hook '/dir1/ros2Avancado/install/meu_pacote/share/meu_pacote/hook/ament_prefix_path.sh'
[0.820s] INFO:colcon.colcon_core.shell:Skip shell extension 'powershell' for command environment: Not usable outside of PowerShell
[0.821s] DEBUG:colcon.colcon_core.shell:Skip shell extension 'dsv' for command environment
[1.229s] INFO:colcon.colcon_core.task.python.build:Building Python package in '/dir1/ros2Avancado/src/meu_pacote'
[1.231s] INFO:colcon.colcon_core.shell:Skip shell extension 'powershell' for command environment: Not usable outside of PowerShell
[1.231s] DEBUG:colcon.colcon_core.shell:Skip shell extension 'dsv' for command environment
[1.747s] DEBUG:colcon.colcon_core.event_handler.log_command:Invoking command in '/dir1/ros2Avancado/build/meu_pacote': PYTHONPATH=/dir1/ros2Avancado/build/meu_pacote/prefix_override:/dir1/ros2Avancado/install/meu_pacote/lib/python3.10/site-packages:${PYTHONPATH} /usr/bin/python3 setup.py develop --editable --build-directory /dir1/ros2Avancado/build/meu_pacote/build --no-deps install_data
[2.315s] Level 1:colcon.colcon_core.shell:create_environment_hook('meu_pacote', 'pythonpath_develop')
[2.316s] INFO:colcon.colcon_core.shell:Creating environment hook '/dir1/ros2Avancado/build/meu_pacote/share/meu_pacote/hook/pythonpath_develop.ps1'
[2.317s] DEBUG:colcon.colcon_core.event_handler.log_command:Invoked command in '/dir1/ros2Avancado/build/meu_pacote' returned '0': PYTHONPATH=/dir1/ros2Avancado/build/meu_pacote/prefix_override:/dir1/ros2Avancado/install/meu_pacote/lib/python3.10/site-packages:${PYTHONPATH} /usr/bin/python3 setup.py develop --editable --build-directory /dir1/ros2Avancado/build/meu_pacote/build --no-deps install_data
[2.320s] INFO:colcon.colcon_core.shell:Creating environment descriptor '/dir1/ros2Avancado/build/meu_pacote/share/meu_pacote/hook/pythonpath_develop.dsv'
[2.321s] INFO:colcon.colcon_core.shell:Creating environment hook '/dir1/ros2Avancado/build/meu_pacote/share/meu_pacote/hook/pythonpath_develop.sh'
[2.338s] Level 1:colcon.colcon_core.environment:checking '/dir1/ros2Avancado/install/meu_pacote' for CMake module files
[2.339s] Level 1:colcon.colcon_core.environment:checking '/dir1/ros2Avancado/install/meu_pacote' for CMake config files
[2.343s] Level 1:colcon.colcon_core.environment:checking '/dir1/ros2Avancado/install/meu_pacote/lib'
[2.343s] Level 1:colcon.colcon_core.environment:checking '/dir1/ros2Avancado/install/meu_pacote/bin'
[2.343s] Level 1:colcon.colcon_core.environment:checking '/dir1/ros2Avancado/install/meu_pacote/lib/pkgconfig/meu_pacote.pc'
[2.344s] Level 1:colcon.colcon_core.environment:checking '/dir1/ros2Avancado/install/meu_pacote/lib/python3.10/site-packages'
[2.345s] Level 1:colcon.colcon_core.shell:create_environment_hook('meu_pacote', 'pythonpath')
[2.346s] INFO:colcon.colcon_core.shell:Creating environment hook '/dir1/ros2Avancado/install/meu_pacote/share/meu_pacote/hook/pythonpath.ps1'
[2.348s] INFO:colcon.colcon_core.shell:Creating environment descriptor '/dir1/ros2Avancado/install/meu_pacote/share/meu_pacote/hook/pythonpath.dsv'
[2.348s] INFO:colcon.colcon_core.shell:Creating environment hook '/dir1/ros2Avancado/install/meu_pacote/share/meu_pacote/hook/pythonpath.sh'
[2.350s] Level 1:colcon.colcon_core.environment:checking '/dir1/ros2Avancado/install/meu_pacote/bin'
[2.350s] Level 1:colcon.colcon_core.environment:create_environment_scripts_only(meu_pacote)
[2.352s] INFO:colcon.colcon_core.shell:Creating package script '/dir1/ros2Avancado/install/meu_pacote/share/meu_pacote/package.ps1'
[2.354s] INFO:colcon.colcon_core.shell:Creating package descriptor '/dir1/ros2Avancado/install/meu_pacote/share/meu_pacote/package.dsv'
[2.354s] INFO:colcon.colcon_core.shell:Creating package script '/dir1/ros2Avancado/install/meu_pacote/share/meu_pacote/package.sh'
[2.355s] INFO:colcon.colcon_core.shell:Creating package script '/dir1/ros2Avancado/install/meu_pacote/share/meu_pacote/package.bash'
[2.356s] INFO:colcon.colcon_core.shell:Creating package script '/dir1/ros2Avancado/install/meu_pacote/share/meu_pacote/package.zsh'
[2.357s] Level 1:colcon.colcon_core.environment:create_file_with_runtime_dependencies(/dir1/ros2Avancado/install/meu_pacote/share/colcon-core/packages/meu_pacote)
[2.357s] DEBUG:colcon.colcon_parallel_executor.executor.parallel:closing loop
[2.359s] DEBUG:colcon.colcon_parallel_executor.executor.parallel:loop closed
[2.359s] DEBUG:colcon.colcon_parallel_executor.executor.parallel:run_until_complete finished with '0'
[2.359s] DEBUG:colcon.colcon_core.event_reactor:joining thread
[2.378s] INFO:colcon.colcon_core.plugin_system:Skipping extension 'colcon_notification.desktop_notification.notify_send': Could not find 'notify-send'
[2.378s] INFO:colcon.colcon_core.plugin_system:Skipping extension 'colcon_notification.desktop_notification.terminal_notifier': Not used on non-Darwin systems
[2.378s] INFO:colcon.colcon_core.plugin_system:Skipping extension 'colcon_notification.desktop_notification.win32': Not used on non-Windows systems
[2.378s] INFO:colcon.colcon_notification.desktop_notification:Sending desktop notification using 'notify2'
[2.383s] DEBUG:colcon.colcon_notification.desktop_notification.notify2:Failed to initialize notify2: org.freedesktop.DBus.Error.Spawn.ExecFailed: /usr/bin/dbus-launch terminated abnormally without any error message
[2.383s] DEBUG:colcon.colcon_core.event_reactor:joined thread
[2.385s] INFO:colcon.colcon_core.shell:Creating prefix script '/dir1/ros2Avancado/install/local_setup.ps1'
[2.386s] INFO:colcon.colcon_core.shell:Creating prefix util module '/dir1/ros2Avancado/install/_local_setup_util_ps1.py'
[2.391s] INFO:colcon.colcon_core.shell:Creating prefix chain script '/dir1/ros2Avancado/install/setup.ps1'
[2.401s] INFO:colcon.colcon_core.shell:Creating prefix script '/dir1/ros2Avancado/install/local_setup.sh'
[2.405s] INFO:colcon.colcon_core.shell:Creating prefix util module '/dir1/ros2Avancado/install/_local_setup_util_sh.py'
[2.409s] INFO:colcon.colcon_core.shell:Creating prefix chain script '/dir1/ros2Avancado/install/setup.sh'
[2.413s] INFO:colcon.colcon_core.shell:Creating prefix script '/dir1/ros2Avancado/install/local_setup.bash'
[2.414s] INFO:colcon.colcon_core.shell:Creating prefix chain script '/dir1/ros2Avancado/install/setup.bash'
[2.417s] INFO:colcon.colcon_core.shell:Creating prefix script '/dir1/ros2Avancado/install/local_setup.zsh'
[2.418s] INFO:colcon.colcon_core.shell:Creating prefix chain script '/dir1/ros2Avancado/install/setup.zsh'
