[0.622s] Invoking command in '/dir1/ros2Avancado/build/meu_pacote': PYTHONPATH=/dir1/ros2Avancado/build/meu_pacote/prefix_override:/dir1/ros2Avancado/install/meu_pacote/lib/python3.10/site-packages:${PYTHONPATH} /usr/bin/python3 setup.py develop --editable --build-directory /dir1/ros2Avancado/build/meu_pacote/build --no-deps install_data
[0.810s] running develop
[0.812s] /usr/lib/python3/dist-packages/setuptools/command/easy_install.py:158: EasyInstallDeprecationWarning: easy_install command is deprecated. Use build and pip and other standards-based tools.
[0.812s]   warnings.warn(
[0.814s] /usr/lib/python3/dist-packages/setuptools/command/install.py:34: SetuptoolsDeprecationWarning: setup.py install is deprecated. Use build and pip and other standards-based tools.
[0.814s]   warnings.warn(
[0.912s] running egg_info
[0.913s] writing meu_pacote.egg-info/PKG-INFO
[0.914s] writing dependency_links to meu_pacote.egg-info/dependency_links.txt
[0.915s] writing entry points to meu_pacote.egg-info/entry_points.txt
[0.916s] writing requirements to meu_pacote.egg-info/requires.txt
[0.917s] writing top-level names to meu_pacote.egg-info/top_level.txt
[0.921s] reading manifest file 'meu_pacote.egg-info/SOURCES.txt'
[0.921s] writing manifest file 'meu_pacote.egg-info/SOURCES.txt'
[0.923s] running build_ext
[0.923s] Creating /dir1/ros2Avancado/install/meu_pacote/lib/python3.10/site-packages/meu-pacote.egg-link (link to .)
[0.924s] Installing estrela script to /dir1/ros2Avancado/install/meu_pacote/lib/meu_pacote
[0.925s] Installing parametros script to /dir1/ros2Avancado/install/meu_pacote/lib/meu_pacote
[0.925s] Installing planeta script to /dir1/ros2Avancado/install/meu_pacote/lib/meu_pacote
[0.925s] Installing satelite script to /dir1/ros2Avancado/install/meu_pacote/lib/meu_pacote
[0.926s] 
[0.926s] Installed /dir1/ros2Avancado/build/meu_pacote
[0.926s] running install_data
[0.926s] creating /dir1/ros2Avancado/install/meu_pacote/share/meu_pacote/launch
[0.926s] copying launch/rodar_nos.launch.py -> /dir1/ros2Avancado/install/meu_pacote/share/meu_pacote/launch
[0.926s] creating /dir1/ros2Avancado/install/meu_pacote/share/meu_pacote/config
[0.953s] Invoked command in '/dir1/ros2Avancado/build/meu_pacote' returned '0': PYTHONPATH=/dir1/ros2Avancado/build/meu_pacote/prefix_override:/dir1/ros2Avancado/install/meu_pacote/lib/python3.10/site-packages:${PYTHONPATH} /usr/bin/python3 setup.py develop --editable --build-directory /dir1/ros2Avancado/build/meu_pacote/build --no-deps install_data
