[1.100s] DEBUG:colcon:Command line arguments: ['/usr/bin/colcon', 'build', '--symlink-install']
[1.101s] DEBUG:colcon:Parsed command line arguments: Namespace(log_base=None, log_level=None, verb_name='build', build_base='build', install_base='install', merge_install=False, symlink_install=True, test_result_base=None, continue_on_error=False, executor='parallel', parallel_workers=12, event_handlers=None, ignore_user_meta=False, metas=['./colcon.meta'], base_paths=['.'], packages_ignore=None, packages_ignore_regex=None, paths=None, packages_up_to=None, packages_up_to_regex=None, packages_above=None, packages_above_and_dependencies=None, packages_above_depth=None, packages_select_by_dep=None, packages_skip_by_dep=None, packages_skip_up_to=None, packages_select_build_failed=False, packages_skip_build_finished=False, packages_select_test_failures=False, packages_skip_test_passed=False, packages_select=None, packages_skip=None, packages_select_regex=None, packages_skip_regex=None, packages_start=None, packages_end=None, cmake_args=None, cmake_target=None, cmake_target_skip_unavailable=False, cmake_clean_cache=False, cmake_clean_first=False, cmake_force_configure=False, ament_cmake_args=None, catkin_cmake_args=None, catkin_skip_building_tests=False, mixin_files=None, mixin=None, verb_parser=<colcon_mixin.mixin.mixin_argument.MixinArgumentDecorator object at 0x7ff9225490c0>, verb_extension=<colcon_core.verb.build.BuildVerb object at 0x7ff922d1e9e0>, main=<bound method BuildVerb.main of <colcon_core.verb.build.BuildVerb object at 0x7ff922d1e9e0>>, mixin_verb=('build',))
[1.210s] Level 1:colcon.colcon_core.package_discovery:discover_packages(colcon_meta) check parameters
[1.214s] INFO:colcon.colcon_metadata.package_discovery.colcon_meta:Using configuration from '/root/.colcon/metadata/default/Gazebo.meta'
[1.217s] INFO:colcon.colcon_metadata.package_discovery.colcon_meta:Using configuration from '/root/.colcon/metadata/default/fastrtps.meta'
[1.218s] Level 1:colcon.colcon_core.package_discovery:discover_packages(recursive) check parameters
[1.218s] Level 1:colcon.colcon_core.package_discovery:discover_packages(ignore) check parameters
[1.218s] Level 1:colcon.colcon_core.package_discovery:discover_packages(path) check parameters
[1.218s] Level 1:colcon.colcon_core.package_discovery:discover_packages(colcon_meta) discover
[1.218s] Level 1:colcon.colcon_core.package_discovery:discover_packages(recursive) discover
[1.218s] INFO:colcon.colcon_core.package_discovery:Crawling recursively for packages in '/dir1/ros2Avancado/src'
[1.219s] Level 1:colcon.colcon_core.package_identification:_identify(.) by extensions ['ignore', 'ignore_ament_install']
[1.219s] Level 1:colcon.colcon_core.package_identification:_identify(.) by extension 'ignore'
[1.220s] Level 1:colcon.colcon_core.package_identification:_identify(.) by extension 'ignore_ament_install'
[1.220s] Level 1:colcon.colcon_core.package_identification:_identify(.) by extensions ['colcon_pkg']
[1.220s] Level 1:colcon.colcon_core.package_identification:_identify(.) by extension 'colcon_pkg'
[1.220s] Level 1:colcon.colcon_core.package_identification:_identify(.) by extensions ['colcon_meta']
[1.220s] Level 1:colcon.colcon_core.package_identification:_identify(.) by extension 'colcon_meta'
[1.220s] Level 1:colcon.colcon_core.package_identification:_identify(.) by extensions ['ros']
[1.220s] Level 1:colcon.colcon_core.package_identification:_identify(.) by extension 'ros'
[1.270s] Level 1:colcon.colcon_core.package_identification:_identify(.) by extensions ['cmake', 'python']
[1.270s] Level 1:colcon.colcon_core.package_identification:_identify(.) by extension 'cmake'
[1.270s] Level 1:colcon.colcon_core.package_identification:_identify(.) by extension 'python'
[1.270s] Level 1:colcon.colcon_core.package_identification:_identify(.) by extensions ['python_setup_py']
[1.270s] Level 1:colcon.colcon_core.package_identification:_identify(.) by extension 'python_setup_py'
[1.271s] Level 1:colcon.colcon_core.package_identification:_identify(build) by extensions ['ignore', 'ignore_ament_install']
[1.271s] Level 1:colcon.colcon_core.package_identification:_identify(build) by extension 'ignore'
[1.271s] Level 1:colcon.colcon_core.package_identification:_identify(build) ignored
[1.271s] Level 1:colcon.colcon_core.package_identification:_identify(install) by extensions ['ignore', 'ignore_ament_install']
[1.271s] Level 1:colcon.colcon_core.package_identification:_identify(install) by extension 'ignore'
[1.272s] Level 1:colcon.colcon_core.package_identification:_identify(install) ignored
[1.272s] Level 1:colcon.colcon_core.package_identification:_identify(log) by extensions ['ignore', 'ignore_ament_install']
[1.272s] Level 1:colcon.colcon_core.package_identification:_identify(log) by extension 'ignore'
[1.272s] Level 1:colcon.colcon_core.package_identification:_identify(log) ignored
[1.272s] Level 1:colcon.colcon_core.package_identification:_identify(meu_pacote) by extensions ['ignore', 'ignore_ament_install']
[1.272s] Level 1:colcon.colcon_core.package_identification:_identify(meu_pacote) by extension 'ignore'
[1.272s] Level 1:colcon.colcon_core.package_identification:_identify(meu_pacote) by extension 'ignore_ament_install'
[1.272s] Level 1:colcon.colcon_core.package_identification:_identify(meu_pacote) by extensions ['colcon_pkg']
[1.272s] Level 1:colcon.colcon_core.package_identification:_identify(meu_pacote) by extension 'colcon_pkg'
[1.273s] Level 1:colcon.colcon_core.package_identification:_identify(meu_pacote) by extensions ['colcon_meta']
[1.273s] Level 1:colcon.colcon_core.package_identification:_identify(meu_pacote) by extension 'colcon_meta'
[1.273s] Level 1:colcon.colcon_core.package_identification:_identify(meu_pacote) by extensions ['ros']
[1.273s] Level 1:colcon.colcon_core.package_identification:_identify(meu_pacote) by extension 'ros'
[1.281s] DEBUG:colcon.colcon_core.package_identification:Package 'meu_pacote' with type 'ros.ament_python' and name 'meu_pacote'
[1.281s] Level 1:colcon.colcon_core.package_discovery:discover_packages(recursive) using defaults
[1.281s] Level 1:colcon.colcon_core.package_discovery:discover_packages(ignore) discover
[1.281s] Level 1:colcon.colcon_core.package_discovery:discover_packages(ignore) using defaults
[1.281s] Level 1:colcon.colcon_core.package_discovery:discover_packages(path) discover
[1.281s] Level 1:colcon.colcon_core.package_discovery:discover_packages(path) using defaults
[1.356s] Level 5:colcon.colcon_core.verb:set package 'meu_pacote' build argument 'cmake_args' from command line to 'None'
[1.356s] Level 5:colcon.colcon_core.verb:set package 'meu_pacote' build argument 'cmake_target' from command line to 'None'
[1.356s] Level 5:colcon.colcon_core.verb:set package 'meu_pacote' build argument 'cmake_target_skip_unavailable' from command line to 'False'
[1.356s] Level 5:colcon.colcon_core.verb:set package 'meu_pacote' build argument 'cmake_clean_cache' from command line to 'False'
[1.356s] Level 5:colcon.colcon_core.verb:set package 'meu_pacote' build argument 'cmake_clean_first' from command line to 'False'
[1.356s] Level 5:colcon.colcon_core.verb:set package 'meu_pacote' build argument 'cmake_force_configure' from command line to 'False'
[1.356s] Level 5:colcon.colcon_core.verb:set package 'meu_pacote' build argument 'ament_cmake_args' from command line to 'None'
[1.356s] Level 5:colcon.colcon_core.verb:set package 'meu_pacote' build argument 'catkin_cmake_args' from command line to 'None'
[1.356s] Level 5:colcon.colcon_core.verb:set package 'meu_pacote' build argument 'catkin_skip_building_tests' from command line to 'False'
[1.356s] DEBUG:colcon.colcon_core.verb:Building package 'meu_pacote' with the following arguments: {'ament_cmake_args': None, 'build_base': '/dir1/ros2Avancado/src/build/meu_pacote', 'catkin_cmake_args': None, 'catkin_skip_building_tests': False, 'cmake_args': None, 'cmake_clean_cache': False, 'cmake_clean_first': False, 'cmake_force_configure': False, 'cmake_target': None, 'cmake_target_skip_unavailable': False, 'install_base': '/dir1/ros2Avancado/src/install/meu_pacote', 'merge_install': False, 'path': '/dir1/ros2Avancado/src/meu_pacote', 'symlink_install': True, 'test_result_base': None}
[1.357s] INFO:colcon.colcon_core.executor:Executing jobs using 'parallel' executor
[1.363s] DEBUG:colcon.colcon_parallel_executor.executor.parallel:run_until_complete
[1.363s] INFO:colcon.colcon_ros.task.ament_python.build:Building ROS package in '/dir1/ros2Avancado/src/meu_pacote' with build type 'ament_python'
[1.363s] Level 1:colcon.colcon_core.shell:create_environment_hook('meu_pacote', 'ament_prefix_path')
[1.370s] INFO:colcon.colcon_core.plugin_system:Skipping extension 'colcon_core.shell.bat': Not used on non-Windows systems
[1.371s] INFO:colcon.colcon_core.shell:Creating environment hook '/dir1/ros2Avancado/src/install/meu_pacote/share/meu_pacote/hook/ament_prefix_path.ps1'
[1.377s] INFO:colcon.colcon_core.shell:Creating environment descriptor '/dir1/ros2Avancado/src/install/meu_pacote/share/meu_pacote/hook/ament_prefix_path.dsv'
[1.381s] INFO:colcon.colcon_core.shell:Creating environment hook '/dir1/ros2Avancado/src/install/meu_pacote/share/meu_pacote/hook/ament_prefix_path.sh'
[1.390s] INFO:colcon.colcon_core.shell:Skip shell extension 'powershell' for command environment: Not usable outside of PowerShell
[1.390s] DEBUG:colcon.colcon_core.shell:Skip shell extension 'dsv' for command environment
[1.957s] INFO:colcon.colcon_core.task.python.build:Building Python package in '/dir1/ros2Avancado/src/meu_pacote'
[1.959s] INFO:colcon.colcon_core.shell:Skip shell extension 'powershell' for command environment: Not usable outside of PowerShell
[1.960s] DEBUG:colcon.colcon_core.shell:Skip shell extension 'dsv' for command environment
[2.776s] DEBUG:colcon.colcon_core.event_handler.log_command:Invoking command in '/dir1/ros2Avancado/src/build/meu_pacote': PYTHONPATH=/dir1/ros2Avancado/src/build/meu_pacote/prefix_override:/dir1/ros2Avancado/src/install/meu_pacote/lib/python3.10/site-packages:${PYTHONPATH} /usr/bin/python3 setup.py develop --editable --build-directory /dir1/ros2Avancado/src/build/meu_pacote/build --no-deps install_data
[3.711s] Level 1:colcon.colcon_core.shell:create_environment_hook('meu_pacote', 'pythonpath_develop')
[3.716s] INFO:colcon.colcon_core.shell:Creating environment hook '/dir1/ros2Avancado/src/build/meu_pacote/share/meu_pacote/hook/pythonpath_develop.ps1'
[3.718s] DEBUG:colcon.colcon_core.event_handler.log_command:Invoked command in '/dir1/ros2Avancado/src/build/meu_pacote' returned '0': PYTHONPATH=/dir1/ros2Avancado/src/build/meu_pacote/prefix_override:/dir1/ros2Avancado/src/install/meu_pacote/lib/python3.10/site-packages:${PYTHONPATH} /usr/bin/python3 setup.py develop --editable --build-directory /dir1/ros2Avancado/src/build/meu_pacote/build --no-deps install_data
[3.729s] INFO:colcon.colcon_core.shell:Creating environment descriptor '/dir1/ros2Avancado/src/build/meu_pacote/share/meu_pacote/hook/pythonpath_develop.dsv'
[3.731s] INFO:colcon.colcon_core.shell:Creating environment hook '/dir1/ros2Avancado/src/build/meu_pacote/share/meu_pacote/hook/pythonpath_develop.sh'
[3.748s] Level 1:colcon.colcon_core.environment:checking '/dir1/ros2Avancado/src/install/meu_pacote' for CMake module files
[3.749s] Level 1:colcon.colcon_core.environment:checking '/dir1/ros2Avancado/src/install/meu_pacote' for CMake config files
[3.751s] Level 1:colcon.colcon_core.environment:checking '/dir1/ros2Avancado/src/install/meu_pacote/lib'
[3.752s] Level 1:colcon.colcon_core.environment:checking '/dir1/ros2Avancado/src/install/meu_pacote/bin'
[3.752s] Level 1:colcon.colcon_core.environment:checking '/dir1/ros2Avancado/src/install/meu_pacote/lib/pkgconfig/meu_pacote.pc'
[3.752s] Level 1:colcon.colcon_core.environment:checking '/dir1/ros2Avancado/src/install/meu_pacote/lib/python3.10/site-packages'
[3.753s] Level 1:colcon.colcon_core.shell:create_environment_hook('meu_pacote', 'pythonpath')
[3.756s] INFO:colcon.colcon_core.shell:Creating environment hook '/dir1/ros2Avancado/src/install/meu_pacote/share/meu_pacote/hook/pythonpath.ps1'
[3.759s] INFO:colcon.colcon_core.shell:Creating environment descriptor '/dir1/ros2Avancado/src/install/meu_pacote/share/meu_pacote/hook/pythonpath.dsv'
[3.762s] INFO:colcon.colcon_core.shell:Creating environment hook '/dir1/ros2Avancado/src/install/meu_pacote/share/meu_pacote/hook/pythonpath.sh'
[3.765s] Level 1:colcon.colcon_core.environment:checking '/dir1/ros2Avancado/src/install/meu_pacote/bin'
[3.765s] Level 1:colcon.colcon_core.environment:create_environment_scripts_only(meu_pacote)
[3.769s] INFO:colcon.colcon_core.shell:Creating package script '/dir1/ros2Avancado/src/install/meu_pacote/share/meu_pacote/package.ps1'
[3.772s] INFO:colcon.colcon_core.shell:Creating package descriptor '/dir1/ros2Avancado/src/install/meu_pacote/share/meu_pacote/package.dsv'
[3.775s] INFO:colcon.colcon_core.shell:Creating package script '/dir1/ros2Avancado/src/install/meu_pacote/share/meu_pacote/package.sh'
[3.782s] INFO:colcon.colcon_core.shell:Creating package script '/dir1/ros2Avancado/src/install/meu_pacote/share/meu_pacote/package.bash'
[3.789s] INFO:colcon.colcon_core.shell:Creating package script '/dir1/ros2Avancado/src/install/meu_pacote/share/meu_pacote/package.zsh'
[3.792s] Level 1:colcon.colcon_core.environment:create_file_with_runtime_dependencies(/dir1/ros2Avancado/src/install/meu_pacote/share/colcon-core/packages/meu_pacote)
[3.798s] DEBUG:colcon.colcon_parallel_executor.executor.parallel:closing loop
[3.800s] DEBUG:colcon.colcon_parallel_executor.executor.parallel:loop closed
[3.800s] DEBUG:colcon.colcon_parallel_executor.executor.parallel:run_until_complete finished with '0'
[3.800s] DEBUG:colcon.colcon_core.event_reactor:joining thread
[3.823s] INFO:colcon.colcon_core.plugin_system:Skipping extension 'colcon_notification.desktop_notification.notify_send': Could not find 'notify-send'
[3.823s] INFO:colcon.colcon_core.plugin_system:Skipping extension 'colcon_notification.desktop_notification.terminal_notifier': Not used on non-Darwin systems
[3.823s] INFO:colcon.colcon_core.plugin_system:Skipping extension 'colcon_notification.desktop_notification.win32': Not used on non-Windows systems
[3.823s] INFO:colcon.colcon_notification.desktop_notification:Sending desktop notification using 'notify2'
[3.828s] DEBUG:colcon.colcon_notification.desktop_notification.notify2:Failed to initialize notify2: org.freedesktop.DBus.Error.Spawn.ExecFailed: /usr/bin/dbus-launch terminated abnormally without any error message
[3.829s] DEBUG:colcon.colcon_core.event_reactor:joined thread
[3.832s] INFO:colcon.colcon_core.shell:Creating prefix script '/dir1/ros2Avancado/src/install/local_setup.ps1'
[3.835s] INFO:colcon.colcon_core.shell:Creating prefix util module '/dir1/ros2Avancado/src/install/_local_setup_util_ps1.py'
[3.839s] INFO:colcon.colcon_core.shell:Creating prefix chain script '/dir1/ros2Avancado/src/install/setup.ps1'
[3.854s] INFO:colcon.colcon_core.shell:Creating prefix script '/dir1/ros2Avancado/src/install/local_setup.sh'
[3.861s] INFO:colcon.colcon_core.shell:Creating prefix util module '/dir1/ros2Avancado/src/install/_local_setup_util_sh.py'
[3.873s] INFO:colcon.colcon_core.shell:Creating prefix chain script '/dir1/ros2Avancado/src/install/setup.sh'
[3.886s] INFO:colcon.colcon_core.shell:Creating prefix script '/dir1/ros2Avancado/src/install/local_setup.bash'
[3.891s] INFO:colcon.colcon_core.shell:Creating prefix chain script '/dir1/ros2Avancado/src/install/setup.bash'
[3.897s] INFO:colcon.colcon_core.shell:Creating prefix script '/dir1/ros2Avancado/src/install/local_setup.zsh'
[3.900s] INFO:colcon.colcon_core.shell:Creating prefix chain script '/dir1/ros2Avancado/src/install/setup.zsh'
