[1.003s] Invoking command in '/dir1/ros2Avancado/build/meu_pacote': PYTHONPATH=/dir1/ros2Avancado/build/meu_pacote/prefix_override:/dir1/ros2Avancado/install/meu_pacote/lib/python3.10/site-packages:${PYTHONPATH} /usr/bin/python3 setup.py develop --editable --build-directory /dir1/ros2Avancado/build/meu_pacote/build --no-deps install_data
[1.376s] running develop
[1.378s] /usr/lib/python3/dist-packages/setuptools/command/easy_install.py:158: EasyInstallDeprecationWarning: easy_install command is deprecated. Use build and pip and other standards-based tools.
[1.378s]   warnings.warn(
[1.379s] /usr/lib/python3/dist-packages/setuptools/command/install.py:34: SetuptoolsDeprecationWarning: setup.py install is deprecated. Use build and pip and other standards-based tools.
[1.379s]   warnings.warn(
[1.518s] running egg_info
[1.518s] writing meu_pacote.egg-info/PKG-INFO
[1.519s] writing dependency_links to meu_pacote.egg-info/dependency_links.txt
[1.520s] writing entry points to meu_pacote.egg-info/entry_points.txt
[1.520s] writing requirements to meu_pacote.egg-info/requires.txt
[1.520s] writing top-level names to meu_pacote.egg-info/top_level.txt
[1.524s] reading manifest file 'meu_pacote.egg-info/SOURCES.txt'
[1.528s] writing manifest file 'meu_pacote.egg-info/SOURCES.txt'
[1.531s] running build_ext
[1.532s] Creating /dir1/ros2Avancado/install/meu_pacote/lib/python3.10/site-packages/meu-pacote.egg-link (link to .)
[1.536s] Installing estrela script to /dir1/ros2Avancado/install/meu_pacote/lib/meu_pacote
[1.537s] Installing parametros script to /dir1/ros2Avancado/install/meu_pacote/lib/meu_pacote
[1.538s] Installing planeta script to /dir1/ros2Avancado/install/meu_pacote/lib/meu_pacote
[1.540s] Installing satelite script to /dir1/ros2Avancado/install/meu_pacote/lib/meu_pacote
[1.540s] 
[1.541s] Installed /dir1/ros2Avancado/build/meu_pacote
[1.541s] running install_data
[1.588s] Invoked command in '/dir1/ros2Avancado/build/meu_pacote' returned '0': PYTHONPATH=/dir1/ros2Avancado/build/meu_pacote/prefix_override:/dir1/ros2Avancado/install/meu_pacote/lib/python3.10/site-packages:${PYTHONPATH} /usr/bin/python3 setup.py develop --editable --build-directory /dir1/ros2Avancado/build/meu_pacote/build --no-deps install_data
