[1.722s] DEBUG:colcon:Command line arguments: ['/usr/bin/colcon', 'build', '--symlink-install']
[1.723s] DEBUG:colcon:Parsed command line arguments: Namespace(log_base=None, log_level=None, verb_name='build', build_base='build', install_base='install', merge_install=False, symlink_install=True, test_result_base=None, continue_on_error=False, executor='parallel', parallel_workers=12, event_handlers=None, ignore_user_meta=False, metas=['./colcon.meta'], base_paths=['.'], packages_ignore=None, packages_ignore_regex=None, paths=None, packages_up_to=None, packages_up_to_regex=None, packages_above=None, packages_above_and_dependencies=None, packages_above_depth=None, packages_select_by_dep=None, packages_skip_by_dep=None, packages_skip_up_to=None, packages_select_build_failed=False, packages_skip_build_finished=False, packages_select_test_failures=False, packages_skip_test_passed=False, packages_select=None, packages_skip=None, packages_select_regex=None, packages_skip_regex=None, packages_start=None, packages_end=None, cmake_args=None, cmake_target=None, cmake_target_skip_unavailable=False, cmake_clean_cache=False, cmake_clean_first=False, cmake_force_configure=False, ament_cmake_args=None, catkin_cmake_args=None, catkin_skip_building_tests=False, mixin_files=None, mixin=None, verb_parser=<colcon_mixin.mixin.mixin_argument.MixinArgumentDecorator object at 0x7fd7cc7fd2d0>, verb_extension=<colcon_core.verb.build.BuildVerb object at 0x7fd7ccfdaa10>, main=<bound method BuildVerb.main of <colcon_core.verb.build.BuildVerb object at 0x7fd7ccfdaa10>>, mixin_verb=('build',))
[1.929s] Level 1:colcon.colcon_core.package_discovery:discover_packages(colcon_meta) check parameters
[1.933s] INFO:colcon.colcon_metadata.package_discovery.colcon_meta:Using configuration from '/root/.colcon/metadata/default/Gazebo.meta'
[1.935s] INFO:colcon.colcon_metadata.package_discovery.colcon_meta:Using configuration from '/root/.colcon/metadata/default/fastrtps.meta'
[1.935s] Level 1:colcon.colcon_core.package_discovery:discover_packages(recursive) check parameters
[1.935s] Level 1:colcon.colcon_core.package_discovery:discover_packages(ignore) check parameters
[1.935s] Level 1:colcon.colcon_core.package_discovery:discover_packages(path) check parameters
[1.935s] Level 1:colcon.colcon_core.package_discovery:discover_packages(colcon_meta) discover
[1.935s] Level 1:colcon.colcon_core.package_discovery:discover_packages(recursive) discover
[1.935s] INFO:colcon.colcon_core.package_discovery:Crawling recursively for packages in '/dir1/ros2Avancado'
[1.936s] Level 1:colcon.colcon_core.package_identification:_identify(.) by extensions ['ignore', 'ignore_ament_install']
[1.936s] Level 1:colcon.colcon_core.package_identification:_identify(.) by extension 'ignore'
[1.936s] Level 1:colcon.colcon_core.package_identification:_identify(.) by extension 'ignore_ament_install'
[1.937s] Level 1:colcon.colcon_core.package_identification:_identify(.) by extensions ['colcon_pkg']
[1.937s] Level 1:colcon.colcon_core.package_identification:_identify(.) by extension 'colcon_pkg'
[1.937s] Level 1:colcon.colcon_core.package_identification:_identify(.) by extensions ['colcon_meta']
[1.938s] Level 1:colcon.colcon_core.package_identification:_identify(.) by extension 'colcon_meta'
[1.938s] Level 1:colcon.colcon_core.package_identification:_identify(.) by extensions ['ros']
[1.938s] Level 1:colcon.colcon_core.package_identification:_identify(.) by extension 'ros'
[2.028s] Level 1:colcon.colcon_core.package_identification:_identify(.) by extensions ['cmake', 'python']
[2.028s] Level 1:colcon.colcon_core.package_identification:_identify(.) by extension 'cmake'
[2.029s] Level 1:colcon.colcon_core.package_identification:_identify(.) by extension 'python'
[2.029s] Level 1:colcon.colcon_core.package_identification:_identify(.) by extensions ['python_setup_py']
[2.029s] Level 1:colcon.colcon_core.package_identification:_identify(.) by extension 'python_setup_py'
[2.029s] Level 1:colcon.colcon_core.package_identification:_identify(build) by extensions ['ignore', 'ignore_ament_install']
[2.030s] Level 1:colcon.colcon_core.package_identification:_identify(build) by extension 'ignore'
[2.030s] Level 1:colcon.colcon_core.package_identification:_identify(build) ignored
[2.031s] Level 1:colcon.colcon_core.package_identification:_identify(install) by extensions ['ignore', 'ignore_ament_install']
[2.031s] Level 1:colcon.colcon_core.package_identification:_identify(install) by extension 'ignore'
[2.031s] Level 1:colcon.colcon_core.package_identification:_identify(install) ignored
[2.031s] Level 1:colcon.colcon_core.package_identification:_identify(log) by extensions ['ignore', 'ignore_ament_install']
[2.031s] Level 1:colcon.colcon_core.package_identification:_identify(log) by extension 'ignore'
[2.031s] Level 1:colcon.colcon_core.package_identification:_identify(log) ignored
[2.031s] Level 1:colcon.colcon_core.package_identification:_identify(src) by extensions ['ignore', 'ignore_ament_install']
[2.032s] Level 1:colcon.colcon_core.package_identification:_identify(src) by extension 'ignore'
[2.032s] Level 1:colcon.colcon_core.package_identification:_identify(src) by extension 'ignore_ament_install'
[2.033s] Level 1:colcon.colcon_core.package_identification:_identify(src) by extensions ['colcon_pkg']
[2.033s] Level 1:colcon.colcon_core.package_identification:_identify(src) by extension 'colcon_pkg'
[2.033s] Level 1:colcon.colcon_core.package_identification:_identify(src) by extensions ['colcon_meta']
[2.033s] Level 1:colcon.colcon_core.package_identification:_identify(src) by extension 'colcon_meta'
[2.033s] Level 1:colcon.colcon_core.package_identification:_identify(src) by extensions ['ros']
[2.033s] Level 1:colcon.colcon_core.package_identification:_identify(src) by extension 'ros'
[2.034s] Level 1:colcon.colcon_core.package_identification:_identify(src) by extensions ['cmake', 'python']
[2.034s] Level 1:colcon.colcon_core.package_identification:_identify(src) by extension 'cmake'
[2.035s] Level 1:colcon.colcon_core.package_identification:_identify(src) by extension 'python'
[2.035s] Level 1:colcon.colcon_core.package_identification:_identify(src) by extensions ['python_setup_py']
[2.035s] Level 1:colcon.colcon_core.package_identification:_identify(src) by extension 'python_setup_py'
[2.035s] Level 1:colcon.colcon_core.package_identification:_identify(src/meu_pacote) by extensions ['ignore', 'ignore_ament_install']
[2.035s] Level 1:colcon.colcon_core.package_identification:_identify(src/meu_pacote) by extension 'ignore'
[2.035s] Level 1:colcon.colcon_core.package_identification:_identify(src/meu_pacote) by extension 'ignore_ament_install'
[2.037s] Level 1:colcon.colcon_core.package_identification:_identify(src/meu_pacote) by extensions ['colcon_pkg']
[2.037s] Level 1:colcon.colcon_core.package_identification:_identify(src/meu_pacote) by extension 'colcon_pkg'
[2.037s] Level 1:colcon.colcon_core.package_identification:_identify(src/meu_pacote) by extensions ['colcon_meta']
[2.037s] Level 1:colcon.colcon_core.package_identification:_identify(src/meu_pacote) by extension 'colcon_meta'
[2.037s] Level 1:colcon.colcon_core.package_identification:_identify(src/meu_pacote) by extensions ['ros']
[2.037s] Level 1:colcon.colcon_core.package_identification:_identify(src/meu_pacote) by extension 'ros'
[2.061s] DEBUG:colcon.colcon_core.package_identification:Package 'src/meu_pacote' with type 'ros.ament_python' and name 'meu_pacote'
[2.061s] Level 1:colcon.colcon_core.package_discovery:discover_packages(recursive) using defaults
[2.061s] Level 1:colcon.colcon_core.package_discovery:discover_packages(ignore) discover
[2.061s] Level 1:colcon.colcon_core.package_discovery:discover_packages(ignore) using defaults
[2.061s] Level 1:colcon.colcon_core.package_discovery:discover_packages(path) discover
[2.061s] Level 1:colcon.colcon_core.package_discovery:discover_packages(path) using defaults
[2.182s] Level 5:colcon.colcon_core.verb:set package 'meu_pacote' build argument 'cmake_args' from command line to 'None'
[2.183s] Level 5:colcon.colcon_core.verb:set package 'meu_pacote' build argument 'cmake_target' from command line to 'None'
[2.183s] Level 5:colcon.colcon_core.verb:set package 'meu_pacote' build argument 'cmake_target_skip_unavailable' from command line to 'False'
[2.183s] Level 5:colcon.colcon_core.verb:set package 'meu_pacote' build argument 'cmake_clean_cache' from command line to 'False'
[2.183s] Level 5:colcon.colcon_core.verb:set package 'meu_pacote' build argument 'cmake_clean_first' from command line to 'False'
[2.183s] Level 5:colcon.colcon_core.verb:set package 'meu_pacote' build argument 'cmake_force_configure' from command line to 'False'
[2.183s] Level 5:colcon.colcon_core.verb:set package 'meu_pacote' build argument 'ament_cmake_args' from command line to 'None'
[2.183s] Level 5:colcon.colcon_core.verb:set package 'meu_pacote' build argument 'catkin_cmake_args' from command line to 'None'
[2.183s] Level 5:colcon.colcon_core.verb:set package 'meu_pacote' build argument 'catkin_skip_building_tests' from command line to 'False'
[2.183s] DEBUG:colcon.colcon_core.verb:Building package 'meu_pacote' with the following arguments: {'ament_cmake_args': None, 'build_base': '/dir1/ros2Avancado/build/meu_pacote', 'catkin_cmake_args': None, 'catkin_skip_building_tests': False, 'cmake_args': None, 'cmake_clean_cache': False, 'cmake_clean_first': False, 'cmake_force_configure': False, 'cmake_target': None, 'cmake_target_skip_unavailable': False, 'install_base': '/dir1/ros2Avancado/install/meu_pacote', 'merge_install': False, 'path': '/dir1/ros2Avancado/src/meu_pacote', 'symlink_install': True, 'test_result_base': None}
[2.185s] INFO:colcon.colcon_core.executor:Executing jobs using 'parallel' executor
[2.192s] DEBUG:colcon.colcon_parallel_executor.executor.parallel:run_until_complete
[2.194s] INFO:colcon.colcon_ros.task.ament_python.build:Building ROS package in '/dir1/ros2Avancado/src/meu_pacote' with build type 'ament_python'
[2.195s] Level 1:colcon.colcon_core.shell:create_environment_hook('meu_pacote', 'ament_prefix_path')
[2.236s] INFO:colcon.colcon_core.plugin_system:Skipping extension 'colcon_core.shell.bat': Not used on non-Windows systems
[2.237s] INFO:colcon.colcon_core.shell:Creating environment hook '/dir1/ros2Avancado/install/meu_pacote/share/meu_pacote/hook/ament_prefix_path.ps1'
[2.247s] INFO:colcon.colcon_core.shell:Creating environment descriptor '/dir1/ros2Avancado/install/meu_pacote/share/meu_pacote/hook/ament_prefix_path.dsv'
[2.250s] INFO:colcon.colcon_core.shell:Creating environment hook '/dir1/ros2Avancado/install/meu_pacote/share/meu_pacote/hook/ament_prefix_path.sh'
[2.255s] INFO:colcon.colcon_core.shell:Skip shell extension 'powershell' for command environment: Not usable outside of PowerShell
[2.255s] DEBUG:colcon.colcon_core.shell:Skip shell extension 'dsv' for command environment
[3.204s] INFO:colcon.colcon_core.task.python.build:Building Python package in '/dir1/ros2Avancado/src/meu_pacote'
[3.208s] INFO:colcon.colcon_core.shell:Skip shell extension 'powershell' for command environment: Not usable outside of PowerShell
[3.208s] DEBUG:colcon.colcon_core.shell:Skip shell extension 'dsv' for command environment
[4.401s] DEBUG:colcon.colcon_core.event_handler.log_command:Invoking command in '/dir1/ros2Avancado/build/meu_pacote': PYTHONPATH=/dir1/ros2Avancado/build/meu_pacote/prefix_override:/dir1/ros2Avancado/install/meu_pacote/lib/python3.10/site-packages:${PYTHONPATH} /usr/bin/python3 setup.py develop --editable --build-directory /dir1/ros2Avancado/build/meu_pacote/build --no-deps install_data
[5.337s] Level 1:colcon.colcon_core.shell:create_environment_hook('meu_pacote', 'pythonpath_develop')
[5.341s] INFO:colcon.colcon_core.shell:Creating environment hook '/dir1/ros2Avancado/build/meu_pacote/share/meu_pacote/hook/pythonpath_develop.ps1'
[5.342s] DEBUG:colcon.colcon_core.event_handler.log_command:Invoked command in '/dir1/ros2Avancado/build/meu_pacote' returned '0': PYTHONPATH=/dir1/ros2Avancado/build/meu_pacote/prefix_override:/dir1/ros2Avancado/install/meu_pacote/lib/python3.10/site-packages:${PYTHONPATH} /usr/bin/python3 setup.py develop --editable --build-directory /dir1/ros2Avancado/build/meu_pacote/build --no-deps install_data
[5.348s] INFO:colcon.colcon_core.shell:Creating environment descriptor '/dir1/ros2Avancado/build/meu_pacote/share/meu_pacote/hook/pythonpath_develop.dsv'
[5.351s] INFO:colcon.colcon_core.shell:Creating environment hook '/dir1/ros2Avancado/build/meu_pacote/share/meu_pacote/hook/pythonpath_develop.sh'
[5.382s] Level 1:colcon.colcon_core.environment:checking '/dir1/ros2Avancado/install/meu_pacote' for CMake module files
[5.384s] Level 1:colcon.colcon_core.environment:checking '/dir1/ros2Avancado/install/meu_pacote' for CMake config files
[5.385s] Level 1:colcon.colcon_core.environment:checking '/dir1/ros2Avancado/install/meu_pacote/lib'
[5.386s] Level 1:colcon.colcon_core.environment:checking '/dir1/ros2Avancado/install/meu_pacote/bin'
[5.386s] Level 1:colcon.colcon_core.environment:checking '/dir1/ros2Avancado/install/meu_pacote/lib/pkgconfig/meu_pacote.pc'
[5.387s] Level 1:colcon.colcon_core.environment:checking '/dir1/ros2Avancado/install/meu_pacote/lib/python3.10/site-packages'
[5.387s] Level 1:colcon.colcon_core.shell:create_environment_hook('meu_pacote', 'pythonpath')
[5.389s] INFO:colcon.colcon_core.shell:Creating environment hook '/dir1/ros2Avancado/install/meu_pacote/share/meu_pacote/hook/pythonpath.ps1'
[5.392s] INFO:colcon.colcon_core.shell:Creating environment descriptor '/dir1/ros2Avancado/install/meu_pacote/share/meu_pacote/hook/pythonpath.dsv'
[5.392s] INFO:colcon.colcon_core.shell:Creating environment hook '/dir1/ros2Avancado/install/meu_pacote/share/meu_pacote/hook/pythonpath.sh'
[5.395s] Level 1:colcon.colcon_core.environment:checking '/dir1/ros2Avancado/install/meu_pacote/bin'
[5.395s] Level 1:colcon.colcon_core.environment:create_environment_scripts_only(meu_pacote)
[5.398s] INFO:colcon.colcon_core.shell:Creating package script '/dir1/ros2Avancado/install/meu_pacote/share/meu_pacote/package.ps1'
[5.402s] INFO:colcon.colcon_core.shell:Creating package descriptor '/dir1/ros2Avancado/install/meu_pacote/share/meu_pacote/package.dsv'
[5.406s] INFO:colcon.colcon_core.shell:Creating package script '/dir1/ros2Avancado/install/meu_pacote/share/meu_pacote/package.sh'
[5.409s] INFO:colcon.colcon_core.shell:Creating package script '/dir1/ros2Avancado/install/meu_pacote/share/meu_pacote/package.bash'
[5.413s] INFO:colcon.colcon_core.shell:Creating package script '/dir1/ros2Avancado/install/meu_pacote/share/meu_pacote/package.zsh'
[5.416s] Level 1:colcon.colcon_core.environment:create_file_with_runtime_dependencies(/dir1/ros2Avancado/install/meu_pacote/share/colcon-core/packages/meu_pacote)
[5.419s] DEBUG:colcon.colcon_parallel_executor.executor.parallel:closing loop
[5.420s] DEBUG:colcon.colcon_parallel_executor.executor.parallel:loop closed
[5.421s] DEBUG:colcon.colcon_parallel_executor.executor.parallel:run_until_complete finished with '0'
[5.421s] DEBUG:colcon.colcon_core.event_reactor:joining thread
[5.471s] INFO:colcon.colcon_core.plugin_system:Skipping extension 'colcon_notification.desktop_notification.notify_send': Could not find 'notify-send'
[5.472s] INFO:colcon.colcon_core.plugin_system:Skipping extension 'colcon_notification.desktop_notification.terminal_notifier': Not used on non-Darwin systems
[5.473s] INFO:colcon.colcon_core.plugin_system:Skipping extension 'colcon_notification.desktop_notification.win32': Not used on non-Windows systems
[5.473s] INFO:colcon.colcon_notification.desktop_notification:Sending desktop notification using 'notify2'
[5.481s] DEBUG:colcon.colcon_notification.desktop_notification.notify2:Failed to initialize notify2: org.freedesktop.DBus.Error.Spawn.ExecFailed: /usr/bin/dbus-launch terminated abnormally without any error message
[5.482s] DEBUG:colcon.colcon_core.event_reactor:joined thread
[5.486s] INFO:colcon.colcon_core.shell:Creating prefix script '/dir1/ros2Avancado/install/local_setup.ps1'
[5.490s] INFO:colcon.colcon_core.shell:Creating prefix util module '/dir1/ros2Avancado/install/_local_setup_util_ps1.py'
[5.498s] INFO:colcon.colcon_core.shell:Creating prefix chain script '/dir1/ros2Avancado/install/setup.ps1'
[5.505s] INFO:colcon.colcon_core.shell:Creating prefix script '/dir1/ros2Avancado/install/local_setup.sh'
[5.508s] INFO:colcon.colcon_core.shell:Creating prefix util module '/dir1/ros2Avancado/install/_local_setup_util_sh.py'
[5.511s] INFO:colcon.colcon_core.shell:Creating prefix chain script '/dir1/ros2Avancado/install/setup.sh'
[5.518s] INFO:colcon.colcon_core.shell:Creating prefix script '/dir1/ros2Avancado/install/local_setup.bash'
[5.520s] INFO:colcon.colcon_core.shell:Creating prefix chain script '/dir1/ros2Avancado/install/setup.bash'
[5.525s] INFO:colcon.colcon_core.shell:Creating prefix script '/dir1/ros2Avancado/install/local_setup.zsh'
[5.527s] INFO:colcon.colcon_core.shell:Creating prefix chain script '/dir1/ros2Avancado/install/setup.zsh'
