[1.138s] Invoking command in '/dir1/ros2Avancado/build/meu_pacote': PYTHONPATH=/dir1/ros2Avancado/build/meu_pacote/prefix_override:/dir1/ros2Avancado/install/meu_pacote/lib/python3.10/site-packages:${PYTHONPATH} /usr/bin/python3 setup.py develop --editable --build-directory /dir1/ros2Avancado/build/meu_pacote/build --no-deps install_data
[1.460s] running develop
[1.464s] /usr/lib/python3/dist-packages/setuptools/command/easy_install.py:158: EasyInstallDeprecationWarning: easy_install command is deprecated. Use build and pip and other standards-based tools.
[1.464s]   warnings.warn(
[1.467s] /usr/lib/python3/dist-packages/setuptools/command/install.py:34: SetuptoolsDeprecationWarning: setup.py install is deprecated. Use build and pip and other standards-based tools.
[1.467s]   warnings.warn(
[1.657s] running egg_info
[1.658s] writing meu_pacote.egg-info/PKG-INFO
[1.658s] writing dependency_links to meu_pacote.egg-info/dependency_links.txt
[1.658s] writing entry points to meu_pacote.egg-info/entry_points.txt
[1.658s] writing requirements to meu_pacote.egg-info/requires.txt
[1.659s] writing top-level names to meu_pacote.egg-info/top_level.txt
[1.662s] reading manifest file 'meu_pacote.egg-info/SOURCES.txt'
[1.662s] writing manifest file 'meu_pacote.egg-info/SOURCES.txt'
[1.664s] running build_ext
[1.665s] Creating /dir1/ros2Avancado/install/meu_pacote/lib/python3.10/site-packages/meu-pacote.egg-link (link to .)
[1.666s] Installing frame_fixo script to /dir1/ros2Avancado/install/meu_pacote/lib/meu_pacote
[1.668s] 
[1.668s] Installed /dir1/ros2Avancado/build/meu_pacote
[1.668s] running install_data
[1.699s] Invoked command in '/dir1/ros2Avancado/build/meu_pacote' returned '0': PYTHONPATH=/dir1/ros2Avancado/build/meu_pacote/prefix_override:/dir1/ros2Avancado/install/meu_pacote/lib/python3.10/site-packages:${PYTHONPATH} /usr/bin/python3 setup.py develop --editable --build-directory /dir1/ros2Avancado/build/meu_pacote/build --no-deps install_data
