[0.831s] Invoking command in '/dir1/ros2Avancado/build/meu_pacote': PYTHONPATH=/dir1/ros2Avancado/build/meu_pacote/prefix_override:/dir1/ros2Avancado/install/meu_pacote/lib/python3.10/site-packages:${PYTHONPATH} /usr/bin/python3 setup.py develop --editable --build-directory /dir1/ros2Avancado/build/meu_pacote/build --no-deps install_data
[1.074s] running develop
[1.074s] /usr/lib/python3/dist-packages/setuptools/command/easy_install.py:158: EasyInstallDeprecationWarning: easy_install command is deprecated. Use build and pip and other standards-based tools.
[1.074s]   warnings.warn(
[1.076s] /usr/lib/python3/dist-packages/setuptools/command/install.py:34: SetuptoolsDeprecationWarning: setup.py install is deprecated. Use build and pip and other standards-based tools.
[1.076s]   warnings.warn(
[1.198s] running egg_info
[1.198s] writing meu_pacote.egg-info/PKG-INFO
[1.199s] writing dependency_links to meu_pacote.egg-info/dependency_links.txt
[1.201s] writing entry points to meu_pacote.egg-info/entry_points.txt
[1.201s] writing requirements to meu_pacote.egg-info/requires.txt
[1.202s] writing top-level names to meu_pacote.egg-info/top_level.txt
[1.204s] reading manifest file 'meu_pacote.egg-info/SOURCES.txt'
[1.205s] writing manifest file 'meu_pacote.egg-info/SOURCES.txt'
[1.206s] running build_ext
[1.207s] Creating /dir1/ros2Avancado/install/meu_pacote/lib/python3.10/site-packages/meu-pacote.egg-link (link to .)
[1.210s] Installing estrela script to /dir1/ros2Avancado/install/meu_pacote/lib/meu_pacote
[1.211s] Installing parametros script to /dir1/ros2Avancado/install/meu_pacote/lib/meu_pacote
[1.214s] Installing planeta script to /dir1/ros2Avancado/install/meu_pacote/lib/meu_pacote
[1.215s] Installing satelite script to /dir1/ros2Avancado/install/meu_pacote/lib/meu_pacote
[1.218s] 
[1.218s] Installed /dir1/ros2Avancado/build/meu_pacote
[1.219s] running install_data
[1.304s] Invoked command in '/dir1/ros2Avancado/build/meu_pacote' returned '0': PYTHONPATH=/dir1/ros2Avancado/build/meu_pacote/prefix_override:/dir1/ros2Avancado/install/meu_pacote/lib/python3.10/site-packages:${PYTHONPATH} /usr/bin/python3 setup.py develop --editable --build-directory /dir1/ros2Avancado/build/meu_pacote/build --no-deps install_data
